<?xml version="1.0" encoding="UTF-8"?>
<!-- Generated by org.testng.reporters.JUnitReportReporter -->
<testsuite hostname="SuRaj" failures="0" tests="2" name="com.SauceDemo.TestClass.TestCase_LoginFunctionality" time="1.453" errors="0" timestamp="2022-10-10T06:26:50 IST" skipped="0">
  <testcase classname="com.SauceDemo.TestClass.TestCase_LoginFunctionality" name="loginFuncationality" time="0.877"/>
  <system-out/>
  <testcase classname="com.SauceDemo.TestClass.TestCase_LoginFunctionality" name="loginFuncationality" time="0.576"/>
  <system-out/>
</testsuite> <!-- com.SauceDemo.TestClass.TestCase_LoginFunctionality -->
